[02-Aug-2017 09:11:26 America/Chicago] PHP Warning:  mysqli_connect(): (HY000/2002): No connection could be made because the target machine actively refused it.
 in D:\home\maapps.com\wwwroot\scr\php\zb\zb_getfollowtodos.php on line 10
[02-Aug-2017 09:11:26 America/Chicago] PHP Warning:  mysqli_connect(): (HY000/2002): No connection could be made because the target machine actively refused it.
 in D:\home\maapps.com\wwwroot\scr\php\zb\zb_gettodaytodos.php on line 10
[02-Aug-2017 09:11:45 America/Chicago] PHP Warning:  mysqli_connect(): (HY000/2002): No connection could be made because the target machine actively refused it.
 in D:\home\maapps.com\wwwroot\scr\php\zb\getallcases.php on line 13
[02-Aug-2017 09:11:45 America/Chicago] PHP Warning:  mysqli_connect(): (HY000/2002): No connection could be made because the target machine actively refused it.
 in D:\home\maapps.com\wwwroot\scr\php\zb\getallcasescw.php on line 15
[02-Aug-2017 09:11:45 America/Chicago] PHP Warning:  mysqli_connect(): (HY000/2002): No connection could be made because the target machine actively refused it.
 in D:\home\maapps.com\wwwroot\scr\php\zb\getallcasescw.php on line 15
[02-Aug-2017 09:11:45 America/Chicago] PHP Warning:  mysqli_connect(): (HY000/2002): No connection could be made because the target machine actively refused it.
 in D:\home\maapps.com\wwwroot\scr\php\zb\getallcasescw.php on line 15
[02-Aug-2017 09:11:45 America/Chicago] PHP Warning:  mysqli_connect(): (HY000/2002): No connection could be made because the target machine actively refused it.
 in D:\home\maapps.com\wwwroot\scr\php\zb\getallcasescw.php on line 15
[02-Aug-2017 09:11:49 America/Chicago] PHP Warning:  mysqli_connect(): (HY000/2002): No connection could be made because the target machine actively refused it.
 in D:\home\maapps.com\wwwroot\scr\php\zb\zb_findacase.php on line 10
[02-Aug-2017 09:11:50 America/Chicago] PHP Warning:  mysqli_connect(): (HY000/2002): No connection could be made because the target machine actively refused it.
 in D:\home\maapps.com\wwwroot\scr\php\zb\zb_findacase.php on line 10
[02-Aug-2017 09:11:50 America/Chicago] PHP Warning:  mysqli_connect(): (HY000/2002): No connection could be made because the target machine actively refused it.
 in D:\home\maapps.com\wwwroot\scr\php\zb\zb_findacase.php on line 10
[02-Aug-2017 09:11:51 America/Chicago] PHP Warning:  mysqli_connect(): (HY000/2002): No connection could be made because the target machine actively refused it.
 in D:\home\maapps.com\wwwroot\scr\php\zb\zb_findacase.php on line 10
[02-Aug-2017 09:11:51 America/Chicago] PHP Warning:  mysqli_connect(): (HY000/2002): No connection could be made because the target machine actively refused it.
 in D:\home\maapps.com\wwwroot\scr\php\zb\zb_findacase.php on line 10
[02-Aug-2017 09:11:51 America/Chicago] PHP Warning:  mysqli_connect(): (HY000/2002): No connection could be made because the target machine actively refused it.
 in D:\home\maapps.com\wwwroot\scr\php\zb\zb_findacase.php on line 10
[02-Aug-2017 09:11:53 America/Chicago] PHP Warning:  mysqli_connect(): (HY000/2002): No connection could be made because the target machine actively refused it.
 in D:\home\maapps.com\wwwroot\scr\php\zb\zb_findacase.php on line 10
[02-Aug-2017 09:11:53 America/Chicago] PHP Warning:  mysqli_connect(): (HY000/2002): No connection could be made because the target machine actively refused it.
 in D:\home\maapps.com\wwwroot\scr\php\zb\zb_findacase.php on line 10
[02-Aug-2017 09:11:55 America/Chicago] PHP Warning:  mysqli_connect(): (HY000/2002): No connection could be made because the target machine actively refused it.
 in D:\home\maapps.com\wwwroot\scr\php\zb\zb_findacase.php on line 10
[02-Aug-2017 09:12:55 America/Chicago] PHP Warning:  mysqli_connect(): (HY000/2002): No connection could be made because the target machine actively refused it.
 in D:\home\maapps.com\wwwroot\scr\php\zb\zb_getfollowtodos.php on line 10
[02-Aug-2017 09:12:55 America/Chicago] PHP Warning:  mysqli_connect(): (HY000/2002): No connection could be made because the target machine actively refused it.
 in D:\home\maapps.com\wwwroot\scr\php\zb\zb_gettodaytodos.php on line 10
[02-Aug-2017 09:14:57 America/Chicago] PHP Warning:  mysqli_connect(): (HY000/2002): No connection could be made because the target machine actively refused it.
 in D:\home\maapps.com\wwwroot\scr\php\zb\getallcases.php on line 13
[02-Aug-2017 09:14:57 America/Chicago] PHP Warning:  mysqli_connect(): (HY000/2002): No connection could be made because the target machine actively refused it.
 in D:\home\maapps.com\wwwroot\scr\php\zb\getallcasescw.php on line 15
[02-Aug-2017 09:14:57 America/Chicago] PHP Warning:  mysqli_connect(): (HY000/2002): No connection could be made because the target machine actively refused it.
 in D:\home\maapps.com\wwwroot\scr\php\zb\getallcasescw.php on line 15
[02-Aug-2017 09:14:57 America/Chicago] PHP Warning:  mysqli_connect(): (HY000/2002): No connection could be made because the target machine actively refused it.
 in D:\home\maapps.com\wwwroot\scr\php\zb\getallcasescw.php on line 15
[02-Aug-2017 09:14:57 America/Chicago] PHP Warning:  mysqli_connect(): (HY000/2002): No connection could be made because the target machine actively refused it.
 in D:\home\maapps.com\wwwroot\scr\php\zb\getallcasescw.php on line 15
[02-Aug-2017 09:18:54 America/Chicago] PHP Warning:  mysqli_connect(): (HY000/2002): No connection could be made because the target machine actively refused it.
 in D:\home\maapps.com\wwwroot\scr\php\zb\zb_gettodaytodos.php on line 10
[02-Aug-2017 09:18:54 America/Chicago] PHP Warning:  mysqli_connect(): (HY000/2002): No connection could be made because the target machine actively refused it.
 in D:\home\maapps.com\wwwroot\scr\php\zb\zb_getfollowtodos.php on line 10
[02-Aug-2017 09:26:54 America/Chicago] PHP Warning:  mysqli_connect(): (HY000/2002): No connection could be made because the target machine actively refused it.
 in D:\home\maapps.com\wwwroot\scr\php\zb\zb_gettodaytodos.php on line 10
[02-Aug-2017 09:26:54 America/Chicago] PHP Warning:  mysqli_connect(): (HY000/2002): No connection could be made because the target machine actively refused it.
 in D:\home\maapps.com\wwwroot\scr\php\zb\zb_getfollowtodos.php on line 10
[07-Aug-2017 08:27:57 America/Chicago] PHP Warning:  mysqli_connect(): (HY000/2002): No connection could be made because the target machine actively refused it.
 in D:\home\maapps.com\wwwroot\scr\php\zb\zb_gettodaytodos.php on line 10
[07-Aug-2017 08:27:57 America/Chicago] PHP Warning:  mysqli_connect(): (HY000/2002): No connection could be made because the target machine actively refused it.
 in D:\home\maapps.com\wwwroot\scr\php\zb\zb_getfollowtodos.php on line 10
[05-Sep-2017 12:18:49 America/Chicago] PHP Warning:  mysqli_connect(): (HY000/2002): No connection could be made because the target machine actively refused it.
 in D:\home\maapps.com\wwwroot\scr\php\zb\zb_getfollowtodos.php on line 10
[05-Sep-2017 12:18:49 America/Chicago] PHP Warning:  mysqli_connect(): (HY000/2002): No connection could be made because the target machine actively refused it.
 in D:\home\maapps.com\wwwroot\scr\php\zb\zb_gettodaytodos.php on line 10
