[24-Jun-2016 10:34:16 America/Chicago] PHP Warning:  chmod(): No such file or directory in D:\home\maapps.com\wwwroot\scr\php\docs\papoa2gen.php on line 15
[24-Jun-2016 10:34:16 America/Chicago] PHP Warning:  file_get_contents(../../docs/PA-poa.rtf): failed to open stream: No such file or directory in D:\home\maapps.com\wwwroot\scr\php\docs\papoa2gen.php on line 16
[30-Jun-2016 17:02:09 America/Chicago] PHP Warning:  var_dump() expects at least 1 parameter, 0 given in D:\home\maapps.com\wwwroot\scr\php\docs\papoa2gen.php on line 2
[01-Jul-2016 06:49:04 America/Chicago] PHP Warning:  file_get_contents() expects parameter 1 to be a valid path, object given in D:\home\maapps.com\wwwroot\scr\php\docs\papoa2gen.php on line 43
[01-Jul-2016 06:49:04 America/Chicago] PHP Warning:  readfile() expects parameter 1 to be a valid path, object given in D:\home\maapps.com\wwwroot\scr\php\docs\papoa2gen.php on line 52
[01-Jul-2016 06:54:00 America/Chicago] PHP Warning:  readfile(): Filename cannot be empty in D:\home\maapps.com\wwwroot\scr\php\docs\papoa2gen.php on line 52
[01-Jul-2016 06:56:04 America/Chicago] PHP Warning:  file_get_contents(1): failed to open stream: No such file or directory in D:\home\maapps.com\wwwroot\scr\php\docs\papoa2gen.php on line 43
[01-Jul-2016 06:56:04 America/Chicago] PHP Warning:  readfile(): Filename cannot be empty in D:\home\maapps.com\wwwroot\scr\php\docs\papoa2gen.php on line 52
[01-Jul-2016 07:31:06 America/Chicago] PHP Parse error:  syntax error, unexpected '{', expecting ')' in D:\home\maapps.com\wwwroot\scr\php\docs\papoa2gen.php on line 11
[01-Jul-2016 08:09:47 America/Chicago] PHP Parse error:  syntax error, unexpected 'function' (T_FUNCTION), expecting ',' or ';' in D:\home\maapps.com\wwwroot\scr\php\docs\papoa2gen.php on line 48
[01-Jul-2016 08:27:20 America/Chicago] PHP Parse error:  syntax error, unexpected 'function' (T_FUNCTION), expecting ',' or ';' in D:\home\maapps.com\wwwroot\scr\php\docs\papoa2gen.php on line 41
[01-Jul-2016 08:27:57 America/Chicago] PHP Warning:  shell_exec(): Unable to execute 'unzip &quot;D:\home\maapps.com\wwwroot\scr\php\docs&quot;/../../docs/PA-poas2no.docx -d &quot;D:\home\maapps.com\wwwroot\scr\php\docs&quot;/temp' in D:\home\maapps.com\wwwroot\scr\php\docs\papoa2gen.php on line 17
[01-Jul-2016 08:27:57 America/Chicago] PHP Warning:  file_get_contents(temp/word/document.xml): failed to open stream: No such file or directory in D:\home\maapps.com\wwwroot\scr\php\docs\papoa2gen.php on line 19
[01-Jul-2016 08:27:57 America/Chicago] PHP Warning:  unlink(temp/word/document.xml): No such file or directory in D:\home\maapps.com\wwwroot\scr\php\docs\papoa2gen.php on line 22
[01-Jul-2016 08:27:57 America/Chicago] PHP Warning:  file_put_contents(temp/word/document.xml): failed to open stream: No such file or directory in D:\home\maapps.com\wwwroot\scr\php\docs\papoa2gen.php on line 23
[01-Jul-2016 08:27:57 America/Chicago] PHP Warning:  shell_exec(): Unable to execute 'cd &quot;D:\home\maapps.com\wwwroot\scr\php\docs&quot;/temp &amp;&amp; zip -r ../POACBZ.docx_rels docProps word [Content_Types].xml' in D:\home\maapps.com\wwwroot\scr\php\docs\papoa2gen.php on line 34
[01-Jul-2016 08:31:13 America/Chicago] PHP Warning:  shell_exec(): Unable to execute 'unzip ../../docs/PA-poas2no.docx -d &quot;D:\home\maapps.com\wwwroot\scr\php\docs&quot;/temp' in D:\home\maapps.com\wwwroot\scr\php\docs\papoa2gen.php on line 17
[01-Jul-2016 08:31:13 America/Chicago] PHP Warning:  file_get_contents(temp/word/document.xml): failed to open stream: No such file or directory in D:\home\maapps.com\wwwroot\scr\php\docs\papoa2gen.php on line 19
[01-Jul-2016 08:31:13 America/Chicago] PHP Warning:  unlink(temp/word/document.xml): No such file or directory in D:\home\maapps.com\wwwroot\scr\php\docs\papoa2gen.php on line 22
[01-Jul-2016 08:31:13 America/Chicago] PHP Warning:  file_put_contents(temp/word/document.xml): failed to open stream: No such file or directory in D:\home\maapps.com\wwwroot\scr\php\docs\papoa2gen.php on line 23
[01-Jul-2016 08:31:13 America/Chicago] PHP Warning:  shell_exec(): Unable to execute 'cd &quot;D:\home\maapps.com\wwwroot\scr\php\docs&quot;/temp &amp;&amp; zip -r ../POACBZ.docx_rels docProps word [Content_Types].xml' in D:\home\maapps.com\wwwroot\scr\php\docs\papoa2gen.php on line 34
[01-Jul-2016 08:32:54 America/Chicago] PHP Warning:  shell_exec(): Unable to execute 'unzip ..\..\docs\PA-poas2no.docx -d &quot;D:\home\maapps.com\wwwroot\scr\php\docs&quot;\temp' in D:\home\maapps.com\wwwroot\scr\php\docs\papoa2gen.php on line 17
[01-Jul-2016 08:32:54 America/Chicago] PHP Warning:  file_get_contents(temp\word\document.xml): failed to open stream: No such file or directory in D:\home\maapps.com\wwwroot\scr\php\docs\papoa2gen.php on line 19
[01-Jul-2016 08:32:54 America/Chicago] PHP Warning:  unlink(temp/word/document.xml): No such file or directory in D:\home\maapps.com\wwwroot\scr\php\docs\papoa2gen.php on line 22
[01-Jul-2016 08:32:54 America/Chicago] PHP Warning:  file_put_contents(temp/word/document.xml): failed to open stream: No such file or directory in D:\home\maapps.com\wwwroot\scr\php\docs\papoa2gen.php on line 23
[01-Jul-2016 08:32:54 America/Chicago] PHP Warning:  shell_exec(): Unable to execute 'cd &quot;D:\home\maapps.com\wwwroot\scr\php\docs&quot;/temp &amp;&amp; zip -r ../POACBZ.docx_rels docProps word [Content_Types].xml' in D:\home\maapps.com\wwwroot\scr\php\docs\papoa2gen.php on line 34
[01-Jul-2016 08:34:43 America/Chicago] PHP Warning:  shell_exec(): Unable to execute 'unzip D:\home\maapps.com\wwwroot\scr\docs\PA-poas2no.docx -d &quot;D:\home\maapps.com\wwwroot\scr\php\docs&quot;/temp' in D:\home\maapps.com\wwwroot\scr\php\docs\papoa2gen.php on line 17
[01-Jul-2016 08:34:43 America/Chicago] PHP Warning:  file_get_contents(temp\word\document.xml): failed to open stream: No such file or directory in D:\home\maapps.com\wwwroot\scr\php\docs\papoa2gen.php on line 19
[01-Jul-2016 08:34:43 America/Chicago] PHP Warning:  unlink(temp/word/document.xml): No such file or directory in D:\home\maapps.com\wwwroot\scr\php\docs\papoa2gen.php on line 22
[01-Jul-2016 08:34:43 America/Chicago] PHP Warning:  file_put_contents(temp/word/document.xml): failed to open stream: No such file or directory in D:\home\maapps.com\wwwroot\scr\php\docs\papoa2gen.php on line 23
[01-Jul-2016 08:34:43 America/Chicago] PHP Warning:  shell_exec(): Unable to execute 'cd &quot;D:\home\maapps.com\wwwroot\scr\php\docs&quot;/temp &amp;&amp; zip -r ../POACBZ.docx_rels docProps word [Content_Types].xml' in D:\home\maapps.com\wwwroot\scr\php\docs\papoa2gen.php on line 34
[01-Jul-2016 08:35:51 America/Chicago] PHP Warning:  shell_exec(): Unable to execute 'unzip D:\home\maapps.com\wwwroot\scr\docs\PA-poas2no.docx -d &quot;D:\home\maapps.com\wwwroot\scr\php\docs&quot;\temp' in D:\home\maapps.com\wwwroot\scr\php\docs\papoa2gen.php on line 17
[01-Jul-2016 08:35:51 America/Chicago] PHP Warning:  file_get_contents(temp\word\document.xml): failed to open stream: No such file or directory in D:\home\maapps.com\wwwroot\scr\php\docs\papoa2gen.php on line 19
[01-Jul-2016 08:35:51 America/Chicago] PHP Warning:  unlink(temp\word\document.xml): No such file or directory in D:\home\maapps.com\wwwroot\scr\php\docs\papoa2gen.php on line 22
[01-Jul-2016 08:35:51 America/Chicago] PHP Warning:  file_put_contents(temp\word\document.xml): failed to open stream: No such file or directory in D:\home\maapps.com\wwwroot\scr\php\docs\papoa2gen.php on line 23
[01-Jul-2016 08:35:51 America/Chicago] PHP Warning:  shell_exec(): Unable to execute 'cd &quot;D:\home\maapps.com\wwwroot\scr\php\docs&quot;/temp &amp;&amp; zip -r ../POACBZ.docx_rels docProps word [Content_Types].xml' in D:\home\maapps.com\wwwroot\scr\php\docs\papoa2gen.php on line 34
[01-Jul-2016 08:37:33 America/Chicago] PHP Warning:  shell_exec(): Unable to execute 'unzip D:\home\maapps.com\wwwroot\scr\docs\PA-poas2no.docx -d &quot;D:\home\maapps.com\wwwroot\scr\docs\\&quot;\temp' in D:\home\maapps.com\wwwroot\scr\php\docs\papoa2gen.php on line 17
[01-Jul-2016 08:37:33 America/Chicago] PHP Warning:  file_get_contents(temp\word\document.xml): failed to open stream: No such file or directory in D:\home\maapps.com\wwwroot\scr\php\docs\papoa2gen.php on line 19
[01-Jul-2016 08:37:33 America/Chicago] PHP Warning:  unlink(temp\word\document.xml): No such file or directory in D:\home\maapps.com\wwwroot\scr\php\docs\papoa2gen.php on line 22
[01-Jul-2016 08:37:33 America/Chicago] PHP Warning:  file_put_contents(temp\word\document.xml): failed to open stream: No such file or directory in D:\home\maapps.com\wwwroot\scr\php\docs\papoa2gen.php on line 23
[01-Jul-2016 08:37:33 America/Chicago] PHP Warning:  shell_exec(): Unable to execute 'cd &quot;D:\home\maapps.com\wwwroot\scr\docs\\&quot;/temp &amp;&amp; zip -r ../POACBZ.docx_rels docProps word [Content_Types].xml' in D:\home\maapps.com\wwwroot\scr\php\docs\papoa2gen.php on line 34
[01-Jul-2016 08:39:12 America/Chicago] PHP Warning:  shell_exec(): Unable to execute 'unzip D:\home\maapps.com\wwwroot\scr\docs\PA-poas2no.docx -d &quot;D:\home\maapps.com\wwwroot\scr\docs&quot;\temp' in D:\home\maapps.com\wwwroot\scr\php\docs\papoa2gen.php on line 17
[01-Jul-2016 08:39:12 America/Chicago] PHP Warning:  file_get_contents(temp\word\document.xml): failed to open stream: No such file or directory in D:\home\maapps.com\wwwroot\scr\php\docs\papoa2gen.php on line 19
[01-Jul-2016 08:39:12 America/Chicago] PHP Warning:  unlink(temp\word\document.xml): No such file or directory in D:\home\maapps.com\wwwroot\scr\php\docs\papoa2gen.php on line 22
[01-Jul-2016 08:39:12 America/Chicago] PHP Warning:  file_put_contents(temp\word\document.xml): failed to open stream: No such file or directory in D:\home\maapps.com\wwwroot\scr\php\docs\papoa2gen.php on line 23
[01-Jul-2016 08:39:12 America/Chicago] PHP Warning:  shell_exec(): Unable to execute 'cd &quot;D:\home\maapps.com\wwwroot\scr\docs&quot;/temp &amp;&amp; zip -r ../POACBZ.docx_rels docProps word [Content_Types].xml' in D:\home\maapps.com\wwwroot\scr\php\docs\papoa2gen.php on line 34
[01-Jul-2016 08:40:08 America/Chicago] PHP Warning:  shell_exec(): Unable to execute 'unzip D:\home\maapps.com\wwwroot\scr\docs\PA-poas2no.docx -d &quot;D:\home\maapps.com\wwwroot\scr\docs	emp&quot;' in D:\home\maapps.com\wwwroot\scr\php\docs\papoa2gen.php on line 17
[01-Jul-2016 08:40:08 America/Chicago] PHP Warning:  file_get_contents(temp\word\document.xml): failed to open stream: No such file or directory in D:\home\maapps.com\wwwroot\scr\php\docs\papoa2gen.php on line 19
[01-Jul-2016 08:40:08 America/Chicago] PHP Warning:  unlink(temp\word\document.xml): No such file or directory in D:\home\maapps.com\wwwroot\scr\php\docs\papoa2gen.php on line 22
[01-Jul-2016 08:40:08 America/Chicago] PHP Warning:  file_put_contents(temp\word\document.xml): failed to open stream: No such file or directory in D:\home\maapps.com\wwwroot\scr\php\docs\papoa2gen.php on line 23
[01-Jul-2016 08:40:08 America/Chicago] PHP Warning:  shell_exec(): Unable to execute 'cd &quot;D:\home\maapps.com\wwwroot\scr\docs	emp&quot;/temp &amp;&amp; zip -r ../POACBZ.docx_rels docProps word [Content_Types].xml' in D:\home\maapps.com\wwwroot\scr\php\docs\papoa2gen.php on line 34
[01-Jul-2016 08:41:05 America/Chicago] PHP Warning:  shell_exec(): Unable to execute 'unzip D:\home\maapps.com\wwwroot\scr\docs\PA-poas2no.docx -d &quot;D:\home\maapps.com\wwwroot\scr\docs\temp&quot;' in D:\home\maapps.com\wwwroot\scr\php\docs\papoa2gen.php on line 17
[01-Jul-2016 08:41:05 America/Chicago] PHP Warning:  file_get_contents(temp\word\document.xml): failed to open stream: No such file or directory in D:\home\maapps.com\wwwroot\scr\php\docs\papoa2gen.php on line 19
[01-Jul-2016 08:41:05 America/Chicago] PHP Warning:  unlink(temp\word\document.xml): No such file or directory in D:\home\maapps.com\wwwroot\scr\php\docs\papoa2gen.php on line 22
[01-Jul-2016 08:41:05 America/Chicago] PHP Warning:  file_put_contents(temp\word\document.xml): failed to open stream: No such file or directory in D:\home\maapps.com\wwwroot\scr\php\docs\papoa2gen.php on line 23
[01-Jul-2016 08:41:05 America/Chicago] PHP Warning:  shell_exec(): Unable to execute 'cd &quot;D:\home\maapps.com\wwwroot\scr\docs\temp&quot;/temp &amp;&amp; zip -r ../POACBZ.docx_rels docProps word [Content_Types].xml' in D:\home\maapps.com\wwwroot\scr\php\docs\papoa2gen.php on line 34
[01-Jul-2016 08:58:33 America/Chicago] PHP Parse error:  syntax error, unexpected 'POACBZ' (T_STRING) in D:\home\maapps.com\wwwroot\scr\php\docs\papoa2gen.php on line 4
[01-Jul-2016 09:02:25 America/Chicago] PHP Parse error:  syntax error, unexpected '"' in D:\home\maapps.com\wwwroot\scr\php\docs\papoa2gen.php on line 7
[01-Jul-2016 09:02:58 America/Chicago] PHP Parse error:  syntax error, unexpected '"' in D:\home\maapps.com\wwwroot\scr\php\docs\papoa2gen.php on line 7
[01-Jul-2016 10:12:12 America/Chicago] PHP Warning:  copy(1): failed to open stream: No such file or directory in D:\home\maapps.com\wwwroot\scr\php\docs\papoa2gen.php on line 35
[01-Jul-2016 10:14:32 America/Chicago] PHP Warning:  copy(1): failed to open stream: No such file or directory in D:\home\maapps.com\wwwroot\scr\php\docs\papoa2gen.php on line 35
[01-Jul-2016 10:16:24 America/Chicago] PHP Fatal error:  Call to a member function close() on a non-object in D:\home\maapps.com\wwwroot\scr\php\docs\papoa2gen.php on line 38
[01-Jul-2016 13:17:56 America/Chicago] PHP Parse error:  syntax error, unexpected '$wordDoc' (T_VARIABLE) in D:\home\maapps.com\wwwroot\scr\php\docs\papoa2gen.php on line 21
[01-Jul-2016 13:39:15 America/Chicago] PHP Warning:  chmod(): No such file or directory in D:\home\maapps.com\wwwroot\scr\php\docs\papoa2gen.php on line 12
[01-Jul-2016 14:16:51 America/Chicago] PHP Warning:  copy(): Filename cannot be empty in D:\home\maapps.com\wwwroot\scr\php\docs\papoa2gen.php on line 51
[01-Jul-2016 14:16:51 America/Chicago] PHP Warning:  readfile(POA-Tyrone Shoelaces.rtf): failed to open stream: No such file or directory in D:\home\maapps.com\wwwroot\scr\php\docs\papoa2gen.php on line 62
[01-Jul-2016 14:16:51 America/Chicago] PHP Warning:  unlink(POA-Tyrone Shoelaces.rtf): No such file or directory in D:\home\maapps.com\wwwroot\scr\php\docs\papoa2gen.php on line 63
